<?xml version="1.0" encoding="UTF-8" standalone="no"?>
<!DOCTYPE log SYSTEM "logger.dtd">
<log>
<record>
  <date>2019-04-10T20:27:14</date>
  <millis>1554906434320</millis>
  <sequence>0</sequence>
  <level>START</level>
  <class>com.kms.katalon.core.logging.XmlKeywordLogger</class>
  <method>startSuite</method>
  <thread>1</thread>
  <message>Start Test Suite : Test Suites/CountryInfoSOAPAPI</message>
  <nestedLevel>0</nestedLevel>
  <property name="name">CountryInfoSOAPAPI</property>
  <property name="description">collectiion of few SOAP API test from Country information wsdl.</property>
  <property name="id">Test Suites/CountryInfoSOAPAPI</property>
</record>
<record>
  <date>2019-04-10T20:27:14</date>
  <millis>1554906434362</millis>
  <sequence>1</sequence>
  <level>RUN_DATA</level>
  <class>com.kms.katalon.core.logging.XmlKeywordLogger</class>
  <method>logMessage</method>
  <thread>1</thread>
  <message>hostName = BappY - Toruk-Macto</message>
  <nestedLevel>0</nestedLevel>
  <property name="hostName">BappY - Toruk-Macto</property>
</record>
<record>
  <date>2019-04-10T20:27:14</date>
  <millis>1554906434363</millis>
  <sequence>2</sequence>
  <level>RUN_DATA</level>
  <class>com.kms.katalon.core.logging.XmlKeywordLogger</class>
  <method>logMessage</method>
  <thread>1</thread>
  <message>os = Windows 10 64bit</message>
  <nestedLevel>0</nestedLevel>
  <property name="os">Windows 10 64bit</property>
</record>
<record>
  <date>2019-04-10T20:27:14</date>
  <millis>1554906434364</millis>
  <sequence>3</sequence>
  <level>RUN_DATA</level>
  <class>com.kms.katalon.core.logging.XmlKeywordLogger</class>
  <method>logMessage</method>
  <thread>1</thread>
  <message>hostAddress = 10.244.50.2</message>
  <nestedLevel>0</nestedLevel>
  <property name="hostAddress">10.244.50.2</property>
</record>
<record>
  <date>2019-04-10T20:27:14</date>
  <millis>1554906434368</millis>
  <sequence>4</sequence>
  <level>RUN_DATA</level>
  <class>com.kms.katalon.core.logging.XmlKeywordLogger</class>
  <method>logMessage</method>
  <thread>1</thread>
  <message>katalonVersion = 6.0.4.7</message>
  <nestedLevel>0</nestedLevel>
  <property name="katalonVersion">6.0.4.7</property>
</record>
<record>
  <date>2019-04-10T20:27:15</date>
  <millis>1554906435958</millis>
  <sequence>5</sequence>
  <level>START</level>
  <class>com.kms.katalon.core.logging.XmlKeywordLogger</class>
  <method>startTest</method>
  <thread>1</thread>
  <message>Start Test Case : Test Cases/Country Names Test Case</message>
  <nestedLevel>1</nestedLevel>
  <property name="name">Test Cases/Country Names Test Case</property>
  <property name="description"></property>
  <property name="id">Test Cases/Country Names Test Case</property>
  <property name="source">C:\\Users\\BappY\\Katalon Studio\\Sample SOAP API Testing Project\\Test Cases\\Country Names Test Case.tc</property>
  <property name="isOptional">false</property>
</record>
<record>
  <date>2019-04-10T20:27:17</date>
  <millis>1554906437973</millis>
  <sequence>7</sequence>
  <level>START</level>
  <class>com.kms.katalon.core.logging.XmlKeywordLogger</class>
  <method>startKeyword</method>
  <thread>1</thread>
  <message>Start action : sendRequest(findTestObject(\&amp;quot;CountryInfoSOAPService/CountryListByNames\&amp;quot;))</message>
  <nestedLevel>1</nestedLevel>
  <property name="startLine">17</property>
  <property name="stepIndex">1</property>
  <property name="description">Send request only gets a resonse from server whether its a success or not.</property>
</record>
<record>
  <date>2019-04-10T20:27:24</date>
  <millis>1554906444017</millis>
  <sequence>11</sequence>
  <level>INFO</level>
  <class>com.kms.katalon.core.logging.XmlKeywordLogger</class>
  <method>logMessage</method>
  <thread>1</thread>
  <message>HAR: C:\\Users\\BappY\\Katalon Studio\\Sample SOAP API Testing Project\\Reports\\CountryInfoSOAPAPI\\20190410_202710\\requests\\main\\0.har</message>
  <nestedLevel>1</nestedLevel>
  <property name="harId">2fb221e5-de48-4d84-bb45-e73a37dca4e7</property>
</record>
<record>
  <date>2019-04-10T20:27:24</date>
  <millis>1554906444232</millis>
  <sequence>12</sequence>
  <level>PASSED</level>
  <class>com.kms.katalon.core.logging.XmlKeywordLogger</class>
  <method>logMessage</method>
  <thread>1</thread>
  <message>Send request successfully</message>
  <nestedLevel>1</nestedLevel>
</record>
<record>
  <date>2019-04-10T20:27:24</date>
  <millis>1554906444233</millis>
  <sequence>13</sequence>
  <level>END</level>
  <class>com.kms.katalon.core.logging.XmlKeywordLogger</class>
  <method>endKeyword</method>
  <thread>1</thread>
  <message>End action : sendRequest(findTestObject(\&amp;quot;CountryInfoSOAPService/CountryListByNames\&amp;quot;))</message>
  <nestedLevel>1</nestedLevel>
</record>
<record>
  <date>2019-04-10T20:27:24</date>
  <millis>1554906444234</millis>
  <sequence>14</sequence>
  <level>START</level>
  <class>com.kms.katalon.core.logging.XmlKeywordLogger</class>
  <method>startKeyword</method>
  <thread>1</thread>
  <message>Start action : sendRequestAndVerify(findTestObject(\&amp;quot;CountryInfoSOAPService/CountryCurrencyByName\&amp;quot;))</message>
  <nestedLevel>1</nestedLevel>
  <property name="startLine">20</property>
  <property name="stepIndex">2</property>
  <property name="description">Send Request and verify will not only check response form server bubt also cheeck verifaction that we added in verification tab.</property>
</record>
<record>
  <date>2019-04-10T20:27:25</date>
  <millis>1554906445747</millis>
  <sequence>18</sequence>
  <level>START</level>
  <class>com.kms.katalon.core.logging.XmlKeywordLogger</class>
  <method>startTest</method>
  <thread>1</thread>
  <message>Start Test Case : Verification</message>
  <nestedLevel>2</nestedLevel>
</record>
<record>
  <date>2019-04-10T20:27:26</date>
  <millis>1554906446114</millis>
  <sequence>19</sequence>
  <level>START</level>
  <class>com.kms.katalon.core.logging.XmlKeywordLogger</class>
  <method>startKeyword</method>
  <thread>1</thread>
  <message>Start action : request = getInstance().getCurrentRequest()</message>
  <nestedLevel>1</nestedLevel>
  <property name="startLine">11</property>
  <property name="stepIndex">1</property>
</record>
<record>
  <date>2019-04-10T20:27:26</date>
  <millis>1554906446206</millis>
  <sequence>20</sequence>
  <level>END</level>
  <class>com.kms.katalon.core.logging.XmlKeywordLogger</class>
  <method>endKeyword</method>
  <thread>1</thread>
  <message>End action : request = getInstance().getCurrentRequest()</message>
  <nestedLevel>1</nestedLevel>
</record>
<record>
  <date>2019-04-10T20:27:26</date>
  <millis>1554906446207</millis>
  <sequence>21</sequence>
  <level>START</level>
  <class>com.kms.katalon.core.logging.XmlKeywordLogger</class>
  <method>startKeyword</method>
  <thread>1</thread>
  <message>Start action : response = getInstance().getCurrentResponse()</message>
  <nestedLevel>1</nestedLevel>
  <property name="startLine">13</property>
  <property name="stepIndex">2</property>
</record>
<record>
  <date>2019-04-10T20:27:26</date>
  <millis>1554906446210</millis>
  <sequence>22</sequence>
  <level>END</level>
  <class>com.kms.katalon.core.logging.XmlKeywordLogger</class>
  <method>endKeyword</method>
  <thread>1</thread>
  <message>End action : response = getInstance().getCurrentResponse()</message>
  <nestedLevel>1</nestedLevel>
</record>
<record>
  <date>2019-04-10T20:27:26</date>
  <millis>1554906446211</millis>
  <sequence>23</sequence>
  <level>PASSED</level>
  <class>com.kms.katalon.core.logging.XmlKeywordLogger</class>
  <method>logMessage</method>
  <thread>1</thread>
  <message>Verification accomplished successfully</message>
  <nestedLevel>2</nestedLevel>
</record>
<record>
  <date>2019-04-10T20:27:26</date>
  <millis>1554906446212</millis>
  <sequence>24</sequence>
  <level>END</level>
  <class>com.kms.katalon.core.logging.XmlKeywordLogger</class>
  <method>endTest</method>
  <thread>1</thread>
  <message>End Test Case : Verification</message>
  <nestedLevel>1</nestedLevel>
</record>
<record>
  <date>2019-04-10T20:27:26</date>
  <millis>1554906446221</millis>
  <sequence>25</sequence>
  <level>PASSED</level>
  <class>com.kms.katalon.core.logging.XmlKeywordLogger</class>
  <method>logMessage</method>
  <thread>1</thread>
  <message>Verify response successfully</message>
  <nestedLevel>1</nestedLevel>
</record>
<record>
  <date>2019-04-10T20:27:26</date>
  <millis>1554906446222</millis>
  <sequence>26</sequence>
  <level>PASSED</level>
  <class>com.kms.katalon.core.logging.XmlKeywordLogger</class>
  <method>logMessage</method>
  <thread>1</thread>
  <message>Send request and verify the response successfully</message>
  <nestedLevel>1</nestedLevel>
</record>
<record>
  <date>2019-04-10T20:27:26</date>
  <millis>1554906446222</millis>
  <sequence>27</sequence>
  <level>END</level>
  <class>com.kms.katalon.core.logging.XmlKeywordLogger</class>
  <method>endKeyword</method>
  <thread>1</thread>
  <message>End action : sendRequestAndVerify(findTestObject(\&amp;quot;CountryInfoSOAPService/CountryCurrencyByName\&amp;quot;))</message>
  <nestedLevel>1</nestedLevel>
</record>
<record>
  <date>2019-04-10T20:27:26</date>
  <millis>1554906446223</millis>
  <sequence>28</sequence>
  <level>PASSED</level>
  <class>com.kms.katalon.core.logging.XmlKeywordLogger</class>
  <method>logMessage</method>
  <thread>1</thread>
  <message>Test Cases/Country Names Test Case</message>
  <nestedLevel>1</nestedLevel>
</record>
<record>
  <date>2019-04-10T20:27:26</date>
  <millis>1554906446223</millis>
  <sequence>29</sequence>
  <level>END</level>
  <class>com.kms.katalon.core.logging.XmlKeywordLogger</class>
  <method>endTest</method>
  <thread>1</thread>
  <message>End Test Case : Test Cases/Country Names Test Case</message>
  <nestedLevel>0</nestedLevel>
</record>
<record>
  <date>2019-04-10T20:27:26</date>
  <millis>1554906446229</millis>
  <sequence>30</sequence>
  <level>START</level>
  <class>com.kms.katalon.core.logging.XmlKeywordLogger</class>
  <method>startTest</method>
  <thread>1</thread>
  <message>Start Test Case : Test Cases/SOAP API Chaining Test</message>
  <nestedLevel>1</nestedLevel>
  <property name="name">Test Cases/SOAP API Chaining Test</property>
  <property name="description">linked API for performing a test case scscenerio.</property>
  <property name="id">Test Cases/SOAP API Chaining Test</property>
  <property name="source">C:\\Users\\BappY\\Katalon Studio\\Sample SOAP API Testing Project\\Test Cases\\SOAP API Chaining Test.tc</property>
  <property name="isOptional">false</property>
</record>
<record>
  <date>2019-04-10T20:27:26</date>
  <millis>1554906446618</millis>
  <sequence>32</sequence>
  <level>START</level>
  <class>com.kms.katalon.core.logging.XmlKeywordLogger</class>
  <method>startKeyword</method>
  <thread>1</thread>
  <message>Start action : isoccResponse = sendRequest(findTestObject(\&amp;quot;CountryInfoSOAPService/CountryListByNames\&amp;quot;))</message>
  <nestedLevel>1</nestedLevel>
  <property name="startLine">16</property>
  <property name="stepIndex">1</property>
</record>
<record>
  <date>2019-04-10T20:27:28</date>
  <millis>1554906448788</millis>
  <sequence>36</sequence>
  <level>INFO</level>
  <class>com.kms.katalon.core.logging.XmlKeywordLogger</class>
  <method>logMessage</method>
  <thread>1</thread>
  <message>HAR: C:\\Users\\BappY\\Katalon Studio\\Sample SOAP API Testing Project\\Reports\\CountryInfoSOAPAPI\\20190410_202710\\requests\\main\\1.har</message>
  <nestedLevel>1</nestedLevel>
  <property name="harId">e7829b1a-c9ab-4356-94a2-161baffd3035</property>
</record>
<record>
  <date>2019-04-10T20:27:28</date>
  <millis>1554906448803</millis>
  <sequence>37</sequence>
  <level>PASSED</level>
  <class>com.kms.katalon.core.logging.XmlKeywordLogger</class>
  <method>logMessage</method>
  <thread>1</thread>
  <message>Send request successfully</message>
  <nestedLevel>1</nestedLevel>
</record>
<record>
  <date>2019-04-10T20:27:28</date>
  <millis>1554906448805</millis>
  <sequence>38</sequence>
  <level>END</level>
  <class>com.kms.katalon.core.logging.XmlKeywordLogger</class>
  <method>endKeyword</method>
  <thread>1</thread>
  <message>End action : isoccResponse = sendRequest(findTestObject(\&amp;quot;CountryInfoSOAPService/CountryListByNames\&amp;quot;))</message>
  <nestedLevel>1</nestedLevel>
</record>
<record>
  <date>2019-04-10T20:27:28</date>
  <millis>1554906448805</millis>
  <sequence>39</sequence>
  <level>START</level>
  <class>com.kms.katalon.core.logging.XmlKeywordLogger</class>
  <method>startKeyword</method>
  <thread>1</thread>
  <message>Start action : xmlResponseFromCountry = responseBodyContent</message>
  <nestedLevel>1</nestedLevel>
  <property name="startLine">18</property>
  <property name="stepIndex">2</property>
</record>
<record>
  <date>2019-04-10T20:27:29</date>
  <millis>1554906449308</millis>
  <sequence>40</sequence>
  <level>END</level>
  <class>com.kms.katalon.core.logging.XmlKeywordLogger</class>
  <method>endKeyword</method>
  <thread>1</thread>
  <message>End action : xmlResponseFromCountry = responseBodyContent</message>
  <nestedLevel>1</nestedLevel>
</record>
<record>
  <date>2019-04-10T20:27:29</date>
  <millis>1554906449308</millis>
  <sequence>41</sequence>
  <level>START</level>
  <class>com.kms.katalon.core.logging.XmlKeywordLogger</class>
  <method>startKeyword</method>
  <thread>1</thread>
  <message>Start action : isoccParsedValue = XmlSlurper().parseText(xmlResponseFromCountry)</message>
  <nestedLevel>1</nestedLevel>
  <property name="startLine">20</property>
  <property name="stepIndex">3</property>
</record>
<record>
  <date>2019-04-10T20:27:29</date>
  <millis>1554906449368</millis>
  <sequence>42</sequence>
  <level>END</level>
  <class>com.kms.katalon.core.logging.XmlKeywordLogger</class>
  <method>endKeyword</method>
  <thread>1</thread>
  <message>End action : isoccParsedValue = XmlSlurper().parseText(xmlResponseFromCountry)</message>
  <nestedLevel>1</nestedLevel>
</record>
<record>
  <date>2019-04-10T20:27:29</date>
  <millis>1554906449368</millis>
  <sequence>43</sequence>
  <level>START</level>
  <class>com.kms.katalon.core.logging.XmlKeywordLogger</class>
  <method>startKeyword</method>
  <thread>1</thread>
  <message>Start action : codeCountry = sISOCode.text()</message>
  <nestedLevel>1</nestedLevel>
  <property name="startLine">22</property>
  <property name="stepIndex">4</property>
</record>
<record>
  <date>2019-04-10T20:27:29</date>
  <millis>1554906449385</millis>
  <sequence>44</sequence>
  <level>END</level>
  <class>com.kms.katalon.core.logging.XmlKeywordLogger</class>
  <method>endKeyword</method>
  <thread>1</thread>
  <message>End action : codeCountry = sISOCode.text()</message>
  <nestedLevel>1</nestedLevel>
</record>
<record>
  <date>2019-04-10T20:27:29</date>
  <millis>1554906449386</millis>
  <sequence>45</sequence>
  <level>START</level>
  <class>com.kms.katalon.core.logging.XmlKeywordLogger</class>
  <method>startKeyword</method>
  <thread>1</thread>
  <message>Start action : CountryISO = codeCountry</message>
  <nestedLevel>1</nestedLevel>
  <property name="startLine">24</property>
  <property name="stepIndex">5</property>
</record>
<record>
  <date>2019-04-10T20:27:29</date>
  <millis>1554906449387</millis>
  <sequence>46</sequence>
  <level>END</level>
  <class>com.kms.katalon.core.logging.XmlKeywordLogger</class>
  <method>endKeyword</method>
  <thread>1</thread>
  <message>End action : CountryISO = codeCountry</message>
  <nestedLevel>1</nestedLevel>
</record>
<record>
  <date>2019-04-10T20:27:29</date>
  <millis>1554906449387</millis>
  <sequence>47</sequence>
  <level>START</level>
  <class>com.kms.katalon.core.logging.XmlKeywordLogger</class>
  <method>startKeyword</method>
  <thread>1</thread>
  <message>Start action : println(\&amp;quot;Country Code For Global Variable : \&amp;quot; + CountryISO)</message>
  <nestedLevel>1</nestedLevel>
  <property name="startLine">26</property>
  <property name="stepIndex">6</property>
</record>
<record>
  <date>2019-04-10T20:27:29</date>
  <millis>1554906449395</millis>
  <sequence>48</sequence>
  <level>END</level>
  <class>com.kms.katalon.core.logging.XmlKeywordLogger</class>
  <method>endKeyword</method>
  <thread>1</thread>
  <message>End action : println(\&amp;quot;Country Code For Global Variable : \&amp;quot; + CountryISO)</message>
  <nestedLevel>1</nestedLevel>
</record>
<record>
  <date>2019-04-10T20:27:29</date>
  <millis>1554906449396</millis>
  <sequence>49</sequence>
  <level>START</level>
  <class>com.kms.katalon.core.logging.XmlKeywordLogger</class>
  <method>startKeyword</method>
  <thread>1</thread>
  <message>Start action : sendRequestAndVerify(findTestObject(\&amp;quot;CountryInfoSOAPService/CountryCapitalCityNames\&amp;quot;))</message>
  <nestedLevel>1</nestedLevel>
  <property name="startLine">28</property>
  <property name="stepIndex">7</property>
</record>
<record>
  <date>2019-04-10T20:27:31</date>
  <millis>1554906451687</millis>
  <sequence>53</sequence>
  <level>START</level>
  <class>com.kms.katalon.core.logging.XmlKeywordLogger</class>
  <method>startTest</method>
  <thread>1</thread>
  <message>Start Test Case : Verification</message>
  <nestedLevel>2</nestedLevel>
</record>
<record>
  <date>2019-04-10T20:27:31</date>
  <millis>1554906451795</millis>
  <sequence>54</sequence>
  <level>START</level>
  <class>com.kms.katalon.core.logging.XmlKeywordLogger</class>
  <method>startKeyword</method>
  <thread>1</thread>
  <message>Start action : request = getInstance().getCurrentRequest()</message>
  <nestedLevel>1</nestedLevel>
  <property name="startLine">11</property>
  <property name="stepIndex">1</property>
</record>
<record>
  <date>2019-04-10T20:27:31</date>
  <millis>1554906451834</millis>
  <sequence>55</sequence>
  <level>END</level>
  <class>com.kms.katalon.core.logging.XmlKeywordLogger</class>
  <method>endKeyword</method>
  <thread>1</thread>
  <message>End action : request = getInstance().getCurrentRequest()</message>
  <nestedLevel>1</nestedLevel>
</record>
<record>
  <date>2019-04-10T20:27:31</date>
  <millis>1554906451835</millis>
  <sequence>56</sequence>
  <level>START</level>
  <class>com.kms.katalon.core.logging.XmlKeywordLogger</class>
  <method>startKeyword</method>
  <thread>1</thread>
  <message>Start action : response = getInstance().getCurrentResponse()</message>
  <nestedLevel>1</nestedLevel>
  <property name="startLine">13</property>
  <property name="stepIndex">2</property>
</record>
<record>
  <date>2019-04-10T20:27:31</date>
  <millis>1554906451836</millis>
  <sequence>57</sequence>
  <level>END</level>
  <class>com.kms.katalon.core.logging.XmlKeywordLogger</class>
  <method>endKeyword</method>
  <thread>1</thread>
  <message>End action : response = getInstance().getCurrentResponse()</message>
  <nestedLevel>1</nestedLevel>
</record>
<record>
  <date>2019-04-10T20:27:31</date>
  <millis>1554906451837</millis>
  <sequence>58</sequence>
  <level>PASSED</level>
  <class>com.kms.katalon.core.logging.XmlKeywordLogger</class>
  <method>logMessage</method>
  <thread>1</thread>
  <message>Verification accomplished successfully</message>
  <nestedLevel>2</nestedLevel>
</record>
<record>
  <date>2019-04-10T20:27:31</date>
  <millis>1554906451837</millis>
  <sequence>59</sequence>
  <level>END</level>
  <class>com.kms.katalon.core.logging.XmlKeywordLogger</class>
  <method>endTest</method>
  <thread>1</thread>
  <message>End Test Case : Verification</message>
  <nestedLevel>1</nestedLevel>
</record>
<record>
  <date>2019-04-10T20:27:31</date>
  <millis>1554906451837</millis>
  <sequence>60</sequence>
  <level>PASSED</level>
  <class>com.kms.katalon.core.logging.XmlKeywordLogger</class>
  <method>logMessage</method>
  <thread>1</thread>
  <message>Verify response successfully</message>
  <nestedLevel>1</nestedLevel>
</record>
<record>
  <date>2019-04-10T20:27:31</date>
  <millis>1554906451837</millis>
  <sequence>61</sequence>
  <level>PASSED</level>
  <class>com.kms.katalon.core.logging.XmlKeywordLogger</class>
  <method>logMessage</method>
  <thread>1</thread>
  <message>Send request and verify the response successfully</message>
  <nestedLevel>1</nestedLevel>
</record>
<record>
  <date>2019-04-10T20:27:31</date>
  <millis>1554906451838</millis>
  <sequence>62</sequence>
  <level>END</level>
  <class>com.kms.katalon.core.logging.XmlKeywordLogger</class>
  <method>endKeyword</method>
  <thread>1</thread>
  <message>End action : sendRequestAndVerify(findTestObject(\&amp;quot;CountryInfoSOAPService/CountryCapitalCityNames\&amp;quot;))</message>
  <nestedLevel>1</nestedLevel>
</record>
<record>
  <date>2019-04-10T20:27:31</date>
  <millis>1554906451838</millis>
  <sequence>63</sequence>
  <level>PASSED</level>
  <class>com.kms.katalon.core.logging.XmlKeywordLogger</class>
  <method>logMessage</method>
  <thread>1</thread>
  <message>Test Cases/SOAP API Chaining Test</message>
  <nestedLevel>1</nestedLevel>
</record>
<record>
  <date>2019-04-10T20:27:31</date>
  <millis>1554906451839</millis>
  <sequence>64</sequence>
  <level>END</level>
  <class>com.kms.katalon.core.logging.XmlKeywordLogger</class>
  <method>endTest</method>
  <thread>1</thread>
  <message>End Test Case : Test Cases/SOAP API Chaining Test</message>
  <nestedLevel>0</nestedLevel>
</record>
<record>
  <date>2019-04-10T20:27:31</date>
  <millis>1554906451903</millis>
  <sequence>65</sequence>
  <level>END</level>
  <class>com.kms.katalon.core.logging.XmlKeywordLogger</class>
  <method>endSuite</method>
  <thread>1</thread>
  <message>End Test Suite : Test Suites/CountryInfoSOAPAPI</message>
  <nestedLevel>0</nestedLevel>
</record>
</log>